<?xml version="1.0" encoding="UTF-8"?>
<testng-results ignored="0" total="1" passed="1" failed="0" skipped="0">
  <reporter-output>
  </reporter-output>
  <suite started-at="2021-07-07T21:34:42 IST" name="Default suite" finished-at="2021-07-07T21:34:52 IST" duration-ms="10460">
    <groups>
    </groups>
    <test started-at="2021-07-07T21:34:42 IST" name="Default test" finished-at="2021-07-07T21:34:52 IST" duration-ms="10460">
      <class name="datadriven.Tester5">
        <test-method signature="read()[pri:0, instance:datadriven.Tester5@51dcb805]" started-at="2021-07-07T21:34:42 IST" name="read" finished-at="2021-07-07T21:34:52 IST" duration-ms="10396" status="PASS">
          <reporter-output>
          </reporter-output>
        </test-method> <!-- read -->
      </class> <!-- datadriven.Tester5 -->
    </test> <!-- Default test -->
  </suite> <!-- Default suite -->
</testng-results>
